/*---------------------------------------------------------------------------*\
  =========                 |
  \\      /  F ield         | OpenFOAM: The Open Source CFD Toolbox
   \\    /   O peration     | Website:  https://openfoam.org
    \\  /    A nd           | Version:  8
     \\/     M anipulation  |
\*---------------------------------------------------------------------------*/
Build  : 8-40a5a48f630f
Exec   : icoFoam
Date   : Jul 28 2021
Time   : 12:02:37
Host   : "uc2n412.localdomain"
PID    : 4070269
I/O    : uncollated
Case   : /pfs/data5/home/kit/scc/nq7776/code/OBR/lidDrivenCavity3D/Variation_mesh/75/Variation_matrix_solver/BiCGStab_NoPrecond_OMP/base
nProcs : 1
sigFpe : Enabling floating point exception trapping (FOAM_SIGFPE).
fileModificationChecking : Monitoring run-time modified files using timeStampMaster (fileModificationSkew 10)
allowSystemOperations : Allowing user-supplied system call operations

// * * * * * * * * * * * * * * * * * * * * * * * * * * * * * * * * * * * * * //
Create time

Create mesh for time = 0

Reading transportProperties

Reading field p

Reading field U

Reading/calculating face flux field phi


Starting time loop

Time = 0.001

Courant Number mean: 0 max: 0
nonePBiCGStab:  Solving for Ux, Initial residual = 1, Final residual = 0.0634334, No Iterations 5
nonePBiCGStab:  Solving for Uy, Initial residual = 0, Final residual = 0, No Iterations 0
nonePBiCGStab:  Solving for Uz, Initial residual = 0, Final residual = 0, No Iterations 0
linear solve U 107
[OGL LOG] init_host_sparsity_pattern : 120 ms
[OGL LOG] matrix not stored update host matrix
[OGL LOG] update_host_mtx : 62 ms
[OGL LOG] matrix is not yet sorted, compute sorting idxs
[OGL LOG] compute_sort : 3626 ms
[OGL LOG] matrix is not yet sorted, sorting host matrix
[OGL LOG] sort_host_mtx_sparsity_pattern : 86 ms
[OGL LOG] sort_host_mtx : 52 ms
[OGL LOG] init_preconditioner : 0 ms
[OGL LOG] solve : 3718 ms
noneompGKOBiCGStab:  Solving for p, Initial residual = 1, Final residual = 9.66609e-05, No Iterations 478
linear solve p 7761
time step continuity errors : sum local = 1.10991e-07, global = -4.13549e-21, cumulative = -4.13549e-21
[OGL LOG] init_host_sparsity_pattern : 115 ms
[OGL LOG] matrix not stored update host matrix
[OGL LOG] update_host_mtx : 62 ms
[OGL LOG] matrix is not yet sorted, sorting host matrix
[OGL LOG] sort_host_mtx_sparsity_pattern : 94 ms
[OGL LOG] sort_host_mtx : 43 ms
[OGL LOG] init_preconditioner : 0 ms
[OGL LOG] solve : 3563 ms
noneompGKOBiCGStab:  Solving for p, Initial residual = 0.688209, Final residual = 3.42685e-05, No Iterations 475
linear solve p 3947
time step continuity errors : sum local = 2.62269e-06, global = -3.25563e-22, cumulative = -4.46105e-21
ExecutionTime = 79.12 s  ClockTime = 14 s

End

