/*---------------------------------------------------------------------------*\
  =========                 |
  \\      /  F ield         | OpenFOAM: The Open Source CFD Toolbox
   \\    /   O peration     | Website:  https://openfoam.org
    \\  /    A nd           | Version:  8
     \\/     M anipulation  |
\*---------------------------------------------------------------------------*/
Build  : 8-40a5a48f630f
Exec   : icoFoam
Date   : Jul 28 2021
Time   : 12:34:58
Host   : "uc2n449.localdomain"
PID    : 1425224
I/O    : uncollated
Case   : /pfs/data5/home/kit/scc/nq7776/code/OBR/lidDrivenCavity3D/Variation_mesh/65/Variation_matrix_solver/CG_BJ_OMP/base
nProcs : 1
sigFpe : Enabling floating point exception trapping (FOAM_SIGFPE).
fileModificationChecking : Monitoring run-time modified files using timeStampMaster (fileModificationSkew 10)
allowSystemOperations : Allowing user-supplied system call operations

// * * * * * * * * * * * * * * * * * * * * * * * * * * * * * * * * * * * * * //
Create time

Create mesh for time = 0

Reading transportProperties

Reading field p

Reading field U

Reading/calculating face flux field phi


Starting time loop

Time = 0.001

Courant Number mean: 0 max: 0
nonePBiCGStab:  Solving for Ux, Initial residual = 1, Final residual = 0.053017, No Iterations 5
nonePBiCGStab:  Solving for Uy, Initial residual = 0, Final residual = 0, No Iterations 0
nonePBiCGStab:  Solving for Uz, Initial residual = 0, Final residual = 0, No Iterations 0
linear solve U 69
[OGL LOG] init_host_sparsity_pattern : 78 ms
[OGL LOG] matrix not stored update host matrix
[OGL LOG] update_host_mtx : 40 ms
[OGL LOG] matrix is not yet sorted, compute sorting idxs
[OGL LOG] compute_sort : 2400 ms
[OGL LOG] matrix is not yet sorted, sorting host matrix
[OGL LOG] sort_host_mtx_sparsity_pattern : 55 ms
[OGL LOG] sort_host_mtx : 32 ms
[OGL LOG] init_preconditioner : 19 ms
 CG create  precond 
[OGL LOG] solve : 1853 ms
BJompGKOCG:  Solving for p, Initial residual = 1, Final residual = 9.58007e-05, No Iterations 440
linear solve p 4558
time step continuity errors : sum local = 4.61017e-08, global = -1.83983e-21, cumulative = -1.83983e-21
[OGL LOG] init_host_sparsity_pattern : 75 ms
[OGL LOG] matrix not stored update host matrix
[OGL LOG] update_host_mtx : 40 ms
[OGL LOG] matrix is not yet sorted, sorting host matrix
[OGL LOG] sort_host_mtx_sparsity_pattern : 55 ms
[OGL LOG] sort_host_mtx : 27 ms
[OGL LOG] init_preconditioner : 0 ms
 CG create  precond 
[OGL LOG] solve : 1758 ms
BJompGKOCG:  Solving for p, Initial residual = 0.674187, Final residual = 9.79901e-05, No Iterations 418
linear solve p 1996
time step continuity errors : sum local = 6.69417e-08, global = -5.96931e-21, cumulative = -7.80914e-21
ExecutionTime = 148.88 s  ClockTime = 8 s

Time = 0.002

Courant Number mean: 0.0326827 max: 0.468252
nonePBiCGStab:  Solving for Ux, Initial residual = 0.151756, Final residual = 0.0210783, No Iterations 5
nonePBiCGStab:  Solving for Uy, Initial residual = 0.364889, Final residual = 0.0451025, No Iterations 5
nonePBiCGStab:  Solving for Uz, Initial residual = 0.979903, Final residual = 0.154119, No Iterations 5
linear solve U 136
[OGL LOG] init_host_sparsity_pattern : 72 ms
[OGL LOG] matrix not stored update host matrix
[OGL LOG] update_host_mtx : 37 ms
[OGL LOG] matrix is not yet sorted, sorting host matrix
[OGL LOG] sort_host_mtx_sparsity_pattern : 57 ms
[OGL LOG] sort_host_mtx : 27 ms
[OGL LOG] init_preconditioner : 0 ms
 CG create  precond 
[OGL LOG] solve : 1548 ms
BJompGKOCG:  Solving for p, Initial residual = 0.656699, Final residual = 9.95116e-05, No Iterations 408
linear solve p 1780
time step continuity errors : sum local = 8.46154e-08, global = 4.55625e-21, cumulative = -3.25288e-21
[OGL LOG] init_host_sparsity_pattern : 73 ms
[OGL LOG] matrix not stored update host matrix
[OGL LOG] update_host_mtx : 37 ms
[OGL LOG] matrix is not yet sorted, sorting host matrix
[OGL LOG] sort_host_mtx_sparsity_pattern : 55 ms
[OGL LOG] sort_host_mtx : 27 ms
[OGL LOG] init_preconditioner : 0 ms
 CG create  precond 
[OGL LOG] solve : 1708 ms
BJompGKOCG:  Solving for p, Initial residual = 0.574985, Final residual = 9.90182e-05, No Iterations 405
linear solve p 1943
time step continuity errors : sum local = 8.62374e-08, global = 1.32613e-20, cumulative = 1.00084e-20
ExecutionTime = 280.2 s  ClockTime = 12 s

Time = 0.003

Courant Number mean: 0.0502554 max: 0.556614
nonePBiCGStab:  Solving for Ux, Initial residual = 0.0551703, Final residual = 0.00592584, No Iterations 5
nonePBiCGStab:  Solving for Uy, Initial residual = 0.124794, Final residual = 0.0163176, No Iterations 5
nonePBiCGStab:  Solving for Uz, Initial residual = 0.34283, Final residual = 0.0519888, No Iterations 5
linear solve U 136
[OGL LOG] init_host_sparsity_pattern : 74 ms
[OGL LOG] matrix not stored update host matrix
[OGL LOG] update_host_mtx : 40 ms
[OGL LOG] matrix is not yet sorted, sorting host matrix
[OGL LOG] sort_host_mtx_sparsity_pattern : 57 ms
[OGL LOG] sort_host_mtx : 27 ms
[OGL LOG] init_preconditioner : 0 ms
 CG create  precond 
[OGL LOG] solve : 1692 ms
BJompGKOCG:  Solving for p, Initial residual = 0.556804, Final residual = 9.31639e-05, No Iterations 402
linear solve p 1927
time step continuity errors : sum local = 5.36669e-08, global = -2.30513e-21, cumulative = 7.70325e-21
[OGL LOG] init_host_sparsity_pattern : 72 ms
[OGL LOG] matrix not stored update host matrix
[OGL LOG] update_host_mtx : 35 ms
[OGL LOG] matrix is not yet sorted, sorting host matrix
[OGL LOG] sort_host_mtx_sparsity_pattern : 56 ms
[OGL LOG] sort_host_mtx : 27 ms
[OGL LOG] init_preconditioner : 0 ms
 CG create  precond 
[OGL LOG] solve : 1544 ms
BJompGKOCG:  Solving for p, Initial residual = 0.491347, Final residual = 9.68954e-05, No Iterations 400
linear solve p 1772
time step continuity errors : sum local = 5.41996e-08, global = -3.09797e-21, cumulative = 4.60528e-21
ExecutionTime = 410.69 s  ClockTime = 16 s

Time = 0.004

Courant Number mean: 0.0602927 max: 0.57501
nonePBiCGStab:  Solving for Ux, Initial residual = 0.0331618, Final residual = 0.00304833, No Iterations 5
nonePBiCGStab:  Solving for Uy, Initial residual = 0.080507, Final residual = 0.00691168, No Iterations 5
nonePBiCGStab:  Solving for Uz, Initial residual = 0.204186, Final residual = 0.024314, No Iterations 5
linear solve U 137
[OGL LOG] init_host_sparsity_pattern : 74 ms
[OGL LOG] matrix not stored update host matrix
[OGL LOG] update_host_mtx : 40 ms
[OGL LOG] matrix is not yet sorted, sorting host matrix
[OGL LOG] sort_host_mtx_sparsity_pattern : 56 ms
[OGL LOG] sort_host_mtx : 28 ms
[OGL LOG] init_preconditioner : 0 ms
 CG create  precond 
[OGL LOG] solve : 842 ms
BJompGKOCG:  Solving for p, Initial residual = 0.352077, Final residual = 9.94595e-05, No Iterations 198
linear solve p 1081
time step continuity errors : sum local = 6.16862e-08, global = 1.4875e-20, cumulative = 1.94803e-20
[OGL LOG] init_host_sparsity_pattern : 72 ms
[OGL LOG] matrix not stored update host matrix
[OGL LOG] update_host_mtx : 35 ms
[OGL LOG] matrix is not yet sorted, sorting host matrix
[OGL LOG] sort_host_mtx_sparsity_pattern : 57 ms
[OGL LOG] sort_host_mtx : 27 ms
[OGL LOG] init_preconditioner : 0 ms
 CG create  precond 
[OGL LOG] solve : 806 ms
BJompGKOCG:  Solving for p, Initial residual = 0.29152, Final residual = 9.61321e-05, No Iterations 193
linear solve p 1034
time step continuity errors : sum local = 5.57948e-08, global = 1.64672e-20, cumulative = 3.59475e-20
ExecutionTime = 477.98 s  ClockTime = 19 s

Time = 0.005

Courant Number mean: 0.0682799 max: 0.585618
nonePBiCGStab:  Solving for Ux, Initial residual = 0.0235504, Final residual = 0.00193594, No Iterations 5
nonePBiCGStab:  Solving for Uy, Initial residual = 0.0529862, Final residual = 0.00378459, No Iterations 5
nonePBiCGStab:  Solving for Uz, Initial residual = 0.105232, Final residual = 0.012214, No Iterations 5
linear solve U 136
[OGL LOG] init_host_sparsity_pattern : 74 ms
[OGL LOG] matrix not stored update host matrix
[OGL LOG] update_host_mtx : 40 ms
[OGL LOG] matrix is not yet sorted, sorting host matrix
[OGL LOG] sort_host_mtx_sparsity_pattern : 55 ms
[OGL LOG] sort_host_mtx : 27 ms
[OGL LOG] init_preconditioner : 0 ms
 CG create  precond 
[OGL LOG] solve : 796 ms
BJompGKOCG:  Solving for p, Initial residual = 0.271356, Final residual = 9.88791e-05, No Iterations 189
linear solve p 1030
time step continuity errors : sum local = 4.83764e-08, global = -7.18033e-21, cumulative = 2.87672e-20
[OGL LOG] init_host_sparsity_pattern : 72 ms
[OGL LOG] matrix not stored update host matrix
[OGL LOG] update_host_mtx : 35 ms
[OGL LOG] matrix is not yet sorted, sorting host matrix
[OGL LOG] sort_host_mtx_sparsity_pattern : 55 ms
[OGL LOG] sort_host_mtx : 27 ms
[OGL LOG] init_preconditioner : 0 ms
 CG create  precond 
[OGL LOG] solve : 770 ms
BJompGKOCG:  Solving for p, Initial residual = 0.230575, Final residual = 9.86716e-05, No Iterations 184
linear solve p 996
time step continuity errors : sum local = 4.78713e-08, global = 7.37282e-22, cumulative = 2.95044e-20
ExecutionTime = 541.99 s  ClockTime = 21 s

Time = 0.006

Courant Number mean: 0.0745602 max: 0.592191
nonePBiCGStab:  Solving for Ux, Initial residual = 0.0176774, Final residual = 0.00110713, No Iterations 5
nonePBiCGStab:  Solving for Uy, Initial residual = 0.0396028, Final residual = 0.00184089, No Iterations 5
nonePBiCGStab:  Solving for Uz, Initial residual = 0.0849128, Final residual = 0.00889409, No Iterations 5
linear solve U 136
[OGL LOG] init_host_sparsity_pattern : 74 ms
[OGL LOG] matrix not stored update host matrix
[OGL LOG] update_host_mtx : 40 ms
[OGL LOG] matrix is not yet sorted, sorting host matrix
[OGL LOG] sort_host_mtx_sparsity_pattern : 55 ms
[OGL LOG] sort_host_mtx : 28 ms
[OGL LOG] init_preconditioner : 0 ms
 CG create  precond 
[OGL LOG] solve : 769 ms
BJompGKOCG:  Solving for p, Initial residual = 0.175754, Final residual = 9.79334e-05, No Iterations 183
linear solve p 1003
time step continuity errors : sum local = 5.44864e-08, global = 5.61516e-21, cumulative = 3.51196e-20
[OGL LOG] init_host_sparsity_pattern : 73 ms
[OGL LOG] matrix not stored update host matrix
[OGL LOG] update_host_mtx : 35 ms
[OGL LOG] matrix is not yet sorted, sorting host matrix
[OGL LOG] sort_host_mtx_sparsity_pattern : 56 ms
[OGL LOG] sort_host_mtx : 27 ms
[OGL LOG] init_preconditioner : 0 ms
 CG create  precond 
[OGL LOG] solve : 755 ms
BJompGKOCG:  Solving for p, Initial residual = 0.145749, Final residual = 9.61504e-05, No Iterations 181
linear solve p 983
time step continuity errors : sum local = 4.94533e-08, global = 1.53357e-20, cumulative = 5.04553e-20
ExecutionTime = 604.32 s  ClockTime = 23 s

Time = 0.007

Courant Number mean: 0.0797731 max: 0.596672
nonePBiCGStab:  Solving for Ux, Initial residual = 0.0139478, Final residual = 0.000743851, No Iterations 5
nonePBiCGStab:  Solving for Uy, Initial residual = 0.0312514, Final residual = 0.00141077, No Iterations 5
nonePBiCGStab:  Solving for Uz, Initial residual = 0.064152, Final residual = 0.00449858, No Iterations 5
linear solve U 136
[OGL LOG] init_host_sparsity_pattern : 74 ms
[OGL LOG] matrix not stored update host matrix
[OGL LOG] update_host_mtx : 40 ms
[OGL LOG] matrix is not yet sorted, sorting host matrix
[OGL LOG] sort_host_mtx_sparsity_pattern : 56 ms
[OGL LOG] sort_host_mtx : 27 ms
[OGL LOG] init_preconditioner : 0 ms
 CG create  precond 
[OGL LOG] solve : 737 ms
BJompGKOCG:  Solving for p, Initial residual = 0.12785, Final residual = 9.81718e-05, No Iterations 175
linear solve p 970
time step continuity errors : sum local = 4.41554e-08, global = -3.15121e-21, cumulative = 4.73041e-20
[OGL LOG] init_host_sparsity_pattern : 72 ms
[OGL LOG] matrix not stored update host matrix
[OGL LOG] update_host_mtx : 35 ms
[OGL LOG] matrix is not yet sorted, sorting host matrix
[OGL LOG] sort_host_mtx_sparsity_pattern : 56 ms
[OGL LOG] sort_host_mtx : 27 ms
[OGL LOG] init_preconditioner : 0 ms
 CG create  precond 
[OGL LOG] solve : 703 ms
BJompGKOCG:  Solving for p, Initial residual = 0.107209, Final residual = 9.89558e-05, No Iterations 174
linear solve p 932
time step continuity errors : sum local = 4.62135e-08, global = 1.08623e-20, cumulative = 5.81664e-20
ExecutionTime = 663.31 s  ClockTime = 26 s

Time = 0.008

Courant Number mean: 0.084144 max: 0.600055
nonePBiCGStab:  Solving for Ux, Initial residual = 0.0113975, Final residual = 0.000498747, No Iterations 5
nonePBiCGStab:  Solving for Uy, Initial residual = 0.0252538, Final residual = 0.000814812, No Iterations 5
nonePBiCGStab:  Solving for Uz, Initial residual = 0.0531503, Final residual = 0.00391704, No Iterations 5
linear solve U 137
[OGL LOG] init_host_sparsity_pattern : 74 ms
[OGL LOG] matrix not stored update host matrix
[OGL LOG] update_host_mtx : 40 ms
[OGL LOG] matrix is not yet sorted, sorting host matrix
[OGL LOG] sort_host_mtx_sparsity_pattern : 56 ms
[OGL LOG] sort_host_mtx : 27 ms
[OGL LOG] init_preconditioner : 0 ms
 CG create  precond 
[OGL LOG] solve : 1543 ms
BJompGKOCG:  Solving for p, Initial residual = 0.0860961, Final residual = 9.85007e-05, No Iterations 365
linear solve p 1781
time step continuity errors : sum local = 4.31782e-08, global = 2.63406e-20, cumulative = 8.45071e-20
[OGL LOG] init_host_sparsity_pattern : 72 ms
[OGL LOG] matrix not stored update host matrix
[OGL LOG] update_host_mtx : 35 ms
[OGL LOG] matrix is not yet sorted, sorting host matrix
[OGL LOG] sort_host_mtx_sparsity_pattern : 57 ms
[OGL LOG] sort_host_mtx : 27 ms
[OGL LOG] init_preconditioner : 0 ms
 CG create  precond 
[OGL LOG] solve : 729 ms
BJompGKOCG:  Solving for p, Initial residual = 0.071891, Final residual = 9.68421e-05, No Iterations 175
linear solve p 957
time step continuity errors : sum local = 5.05319e-08, global = 3.1495e-20, cumulative = 1.16002e-19
ExecutionTime = 755.43 s  ClockTime = 29 s

Time = 0.009

Courant Number mean: 0.0878975 max: 0.602634
nonePBiCGStab:  Solving for Ux, Initial residual = 0.00949906, Final residual = 0.000425432, No Iterations 5
nonePBiCGStab:  Solving for Uy, Initial residual = 0.0212991, Final residual = 0.000652863, No Iterations 5
nonePBiCGStab:  Solving for Uz, Initial residual = 0.0451164, Final residual = 0.00254169, No Iterations 5
linear solve U 136
[OGL LOG] init_host_sparsity_pattern : 74 ms
[OGL LOG] matrix not stored update host matrix
[OGL LOG] update_host_mtx : 40 ms
[OGL LOG] matrix is not yet sorted, sorting host matrix
[OGL LOG] sort_host_mtx_sparsity_pattern : 55 ms
[OGL LOG] sort_host_mtx : 27 ms
[OGL LOG] init_preconditioner : 0 ms
 CG create  precond 
[OGL LOG] solve : 1534 ms
BJompGKOCG:  Solving for p, Initial residual = 0.0622907, Final residual = 9.88683e-05, No Iterations 366
linear solve p 1768
time step continuity errors : sum local = 4.26706e-08, global = 3.56602e-20, cumulative = 1.51662e-19
[OGL LOG] init_host_sparsity_pattern : 72 ms
[OGL LOG] matrix not stored update host matrix
[OGL LOG] update_host_mtx : 35 ms
[OGL LOG] matrix is not yet sorted, sorting host matrix
[OGL LOG] sort_host_mtx_sparsity_pattern : 56 ms
[OGL LOG] sort_host_mtx : 27 ms
[OGL LOG] init_preconditioner : 0 ms
 CG create  precond 
[OGL LOG] solve : 1522 ms
BJompGKOCG:  Solving for p, Initial residual = 0.0525607, Final residual = 9.72216e-05, No Iterations 365
linear solve p 1748
time step continuity errors : sum local = 4.19788e-08, global = 9.83108e-21, cumulative = 1.61493e-19
ExecutionTime = 878.73 s  ClockTime = 32 s

Time = 0.01

Courant Number mean: 0.0911617 max: 0.604746
nonePBiCGStab:  Solving for Ux, Initial residual = 0.00809612, Final residual = 0.000302866, No Iterations 5
nonePBiCGStab:  Solving for Uy, Initial residual = 0.0180113, Final residual = 0.000470483, No Iterations 5
nonePBiCGStab:  Solving for Uz, Initial residual = 0.0389695, Final residual = 0.00236179, No Iterations 5
linear solve U 136
[OGL LOG] init_host_sparsity_pattern : 74 ms
[OGL LOG] matrix not stored update host matrix
[OGL LOG] update_host_mtx : 40 ms
[OGL LOG] matrix is not yet sorted, sorting host matrix
[OGL LOG] sort_host_mtx_sparsity_pattern : 56 ms
[OGL LOG] sort_host_mtx : 28 ms
[OGL LOG] init_preconditioner : 0 ms
 CG create  precond 
[OGL LOG] solve : 1522 ms
BJompGKOCG:  Solving for p, Initial residual = 0.044014, Final residual = 9.07236e-05, No Iterations 364
linear solve p 1756
time step continuity errors : sum local = 3.8812e-08, global = 1.50151e-20, cumulative = 1.76509e-19
[OGL LOG] init_host_sparsity_pattern : 72 ms
[OGL LOG] matrix not stored update host matrix
[OGL LOG] update_host_mtx : 35 ms
[OGL LOG] matrix is not yet sorted, sorting host matrix
[OGL LOG] sort_host_mtx_sparsity_pattern : 55 ms
[OGL LOG] sort_host_mtx : 27 ms
[OGL LOG] init_preconditioner : 0 ms
 CG create  precond 
[OGL LOG] solve : 709 ms
BJompGKOCG:  Solving for p, Initial residual = 0.0372772, Final residual = 9.95929e-05, No Iterations 170
linear solve p 935
time step continuity errors : sum local = 5.0765e-08, global = 1.45476e-20, cumulative = 1.91056e-19
ExecutionTime = 969.21 s  ClockTime = 35 s

End

